-4wsuPCjDBc_5_15.avi
-7KMZQEsJW4_205_208.avi
-8y1Q0rA3n8_108_115.avi
-8y1Q0rA3n8_95_102.avi
-9CUm-2cui8_39_44.avi
-AwoiGR6c8M_10_14.avi
-Cv5LsqKUXc_17_25.avi
-Cv5LsqKUXc_71_76.avi
-DKuLXYoY3g_14_20.avi
-DRy7rBg0IQ_31_37.avi
-FugkxLmGO4_5_16.avi
-Ms9tsWmhyU_80_95.avi
-YI0cxuNcq8_262_272.avi
-_aaMGK6GGw_57_61.avi
-_hbPLsZvvo_172_179.avi
-_hbPLsZvvo_18_25.avi
-_hbPLsZvvo_19_25.avi
-_hbPLsZvvo_19_26.avi
-_hbPLsZvvo_211_219.avi
-_hbPLsZvvo_269_275.avi
-_hbPLsZvvo_288_305.avi
-_hbPLsZvvo_323_328.avi
-_hbPLsZvvo_43_55.avi
-_hbPLsZvvo_49_55.avi
-_hbPLsZvvo_5_8.avi
-bjOB4zS0uE_100_105.avi
-dm-ds5rRaM_44_52.avi
-joBOHlg5J0_72_80.avi
-mAoVOhKy0c_4_9.avi
-pUwIypksfE_13_23.avi
-rkErLY0rRc_26_35.avi
-rkErLY0rRc_63_67.avi
-rvjK0lE3z4_33_43.avi
-s4-6QTT7HE_235_241.avi
-t-ZWaJeH-o_0_15.avi
-uT_1VDvXok_8_15.avi
-vKO3uSG6Do_3_14.avi
-vg3vR86fu0_1_6.avi
-wa0umYJVGg_100_115.avi
-wa0umYJVGg_117_123.avi
-wa0umYJVGg_139_157.avi
-wa0umYJVGg_168_176.avi
-wa0umYJVGg_23_41.avi
-wa0umYJVGg_271_276.avi
-wa0umYJVGg_286_290.avi
-zOrV-5vh1A_69_76.avi
00jrXRMlZOY_0_10.avi
02Z-kuB3IaM_2_13.avi
04Gt01vatkk_248_265.avi
04Gt01vatkk_308_321.avi
05Gtb7_9tLU_0_9.avi
05gNigkqfNU_11_23.avi
05gNigkqfNU_24_32.avi
05gNigkqfNU_25_34.avi
05gNigkqfNU_78_84.avi
06CbMa0kDr8_3_13.avi
08pVpBq706k_175_212.avi
0GXq1An3yHI_22_35.avi
0I4VKj4d0WI_24_40.avi
0IDJG0q9j_k_1_24.avi
0M-PyX2DbZc_25_31.avi
0NPtAv3_uVI_46_54.avi
0ONJfp95yoE_1_10.avi
0RWJEOScToE_414_421.avi
0SMOK2ql7Pg_5_12.avi
0bSz70pYAP0_5_15.avi
0hyZ__3YhZc_279_283.avi
0hyZ__3YhZc_289_295.avi
0hyZ__3YhZc_302_307.avi
0hyZ__3YhZc_341_348.avi
0hyZ__3YhZc_352_356.avi
0hyZ__3YhZc_364_370.avi
0hyZ__3YhZc_380_384.avi
0hyZ__3YhZc_388_394.avi
0hyZ__3YhZc_410_417.avi
0hyZ__3YhZc_418_424.avi
0hyZ__3YhZc_485_490.avi
0hyZ__3YhZc_562_568.avi
0hyZ__3YhZc_575_580.avi
0hyZ__3YhZc_598_603.avi
0hyZ__3YhZc_632_637.avi
0k1Ak8aTMVI_4_12.avi
0lh_UWF9ZP4_103_110.avi
0lh_UWF9ZP4_138_145.avi
0lh_UWF9ZP4_148_155.avi
0lh_UWF9ZP4_157_160.avi
0lh_UWF9ZP4_165_170.avi
0lh_UWF9ZP4_174_178.avi
0lh_UWF9ZP4_178_182.avi
0lh_UWF9ZP4_183_190.avi
0lh_UWF9ZP4_191_197.avi
0lh_UWF9ZP4_199_207.avi
0lh_UWF9ZP4_215_226.avi
0lh_UWF9ZP4_21_26.avi
0lh_UWF9ZP4_27_31.avi
0lh_UWF9ZP4_38_46.avi
0lh_UWF9ZP4_50_60.avi
0lh_UWF9ZP4_62_69.avi
0lh_UWF9ZP4_71_77.avi
0lh_UWF9ZP4_79_82.avi
0lh_UWF9ZP4_82_87.avi
0lh_UWF9ZP4_94_103.avi
0piwbTivpDg_10_40.avi
0sUL0KCIc48_15_25.avi
0vmoZEaN_-o_4_12.avi
0vmoZEaN_-o_5_21.avi
0wutCy2ZGOQ_4_10.avi
0xx13BuvVmo_25_36.avi
11xs9mFKObs_0_8.avi
16iNk1hLJt4_37_40.avi
1Dty_eGY9Ec_123_133.avi
1N_Ic2pBM1o_2_23.avi
1QVn0FffExM_14_24.avi
1RchFBCT9JU_43_53.avi
1Sp2__RCT0c_11_15.avi
1TjqADyYyxI_36_45.avi
1_6V30igzIk_5_15.avi
1dA1RQgPN3c_72_82.avi
1dYpcVv6n3Y_0_18.avi
1dfR0A_BXjw_401_408.avi
1dfR0A_BXjw_441_448.avi
1dfR0A_BXjw_524_532.avi
1dfR0A_BXjw_545_560.avi
1dfR0A_BXjw_590_600.avi
1hPxGmTGarM_9_19.avi
1kYWws89W3Y_0_5.avi
1mIyMRPV8kg_9_17.avi
1pw5ZdRhiig_50_59.avi
1qU-kF-km1Q_6_16.avi
1qV4wfjTYIo_151_164.avi
1qxMJLkHDLw_0_9.avi
1rECrfrdNTo_200_207.avi
1sffYOXq4Iw_23_49.avi
21uB8g-jDZI_70_79.avi
229NvV0SRHw_0_5.avi
25NmudB2fqg_0_7.avi
27hs9W89FuI_0_10.avi
27mxaePkYB4_8_14.avi
2F9jX7u5nOg_114_130.avi
2F9jX7u5nOg_83_97.avi
2FLsMPsywRc_45_63.avi
2G9fkvBzzQE_10_20.avi
2HpZvL-_fiY_40_44.avi
2I20ZTFHheg_96_104.avi
2KrdBUFeFtY_22_27.avi
2L4oELbX8Ms_1_12.avi
2LgrGHWSy6k_122_135.avi
2MCpA01Sn_c_75_82.avi
2Nn2CAeaI5k_72_77.avi
2R_OAYQIkXM_14_22.avi
2YhDTpzxd3c_102_105.avi
2YhDTpzxd3c_115_120.avi
2YhDTpzxd3c_149_154.avi
2YhDTpzxd3c_166_170.avi
2YhDTpzxd3c_174_180.avi
2YhDTpzxd3c_223_232.avi
2YhDTpzxd3c_22_27.avi
2YhDTpzxd3c_240_245.avi
2YhDTpzxd3c_45_49.avi
2YhDTpzxd3c_98_101.avi
2jXxtQRy47A_30_38.avi
2jkExrrm_sQ_19_25.avi
2mUMTFnQWaw_1_9.avi
2xpIT0L4GqE_1_10.avi
30GeJHYoerk_121_126.avi
30GeJHYoerk_63_75.avi
30GeJHYoerk_80_85.avi
30PpKtVT8Z4_35_50.avi
32_A0-er4Ws_16_20.avi
39Ce7I6nXIw_96_104.avi
3FnUTQMJVXI_31_36.avi
3I9tSDU-OSk_17_22.avi
3OPQqH3YlHA_50_54.avi
3SKyc0aKx70_46_52.avi
3_51FhosiVY_93_101.avi
3chNlP5TeO8_0_10.avi
3doK4FQM5-k_46_57.avi
3eqFFRSXwGE_84_96.avi
3ftaoFnhTyY_140_150.avi
3lBHYoI5V8s_30_45.avi
3mbBbFH9fAg_21_29.avi
3n_Kqak2JdA_48_71.avi
3opDcpPxllE_50_66.avi
3qqEKTPxLNs_1_15.avi
3ytUOoa1SBE_12_23.avi
3zgEl-OLFKE_12_15.avi
3zrVqwV29V8_69_76.avi
4-1gpwkD7Hc_7_15.avi
45AGQSbodbU_5_15.avi
47D9-U8hn5I_11_16.avi
4D1o4FC8YbA_207_216.avi
4D1o4FC8YbA_29_39.avi
4Hhdr1IPOGs_1_10.avi
4Hhdr1IPOGs_90_98.avi
4JVpbYmqfcI_5_19.avi
4MjTb5A68VA_111_118.avi
4PayIIIOeIs_230_238.avi
4PcL6-mjRNk_11_18.avi
4PcL6-mjRNk_47_55.avi
4QYPZM01xFE_14_26.avi
